[2016-09-30 19:31:42] main.ERROR: SQL error: You have an error in your SQL syntax; check the manual that corresponds to your MariaDB server version for the right syntax to use near '** FROM todoitems' at line 1 [] []
[2016-09-30 19:31:42] main.ERROR:  in query: SELECT *** FROM todoitems [] []
[2016-09-30 19:47:01] main.ERROR: SQL error: You have an error in your SQL syntax; check the manual that corresponds to your MariaDB server version for the right syntax to use near '** FROM todoitems' at line 1 [] []
[2016-09-30 19:47:01] main.ERROR:  in query: SELECT *** FROM todoitems [] []
[2016-09-30 19:55:24] main.ERROR: SQL error: You have an error in your SQL syntax; check the manual that corresponds to your MariaDB server version for the right syntax to use near '** FROM todoitems' at line 1 [] []
[2016-09-30 19:55:24] main.ERROR:  in query: SELECT *** FROM todoitems [] []
[2016-09-30 19:55:53] main.ERROR: SQL error: You have an error in your SQL syntax; check the manual that corresponds to your MariaDB server version for the right syntax to use near '** FROM todoitems' at line 1 [] []
[2016-09-30 19:55:53] main.ERROR:  in query: SELECT *** FROM todoitems [] []
[2016-10-04 05:54:38] main.ERROR: Database error: Unable to connect to MySQL server! Error: Access denied for user 'todorest'@'localhost' (using password: YES) [] []
[2016-10-04 05:56:11] main.DEBUG: POST /todoitems verification failed: dueDate is not in the correct format [] []
[2016-10-04 06:09:56] main.DEBUG: POST /todoitems verification failed: Title is not valid [] []
[2016-10-04 06:10:09] main.DEBUG: POST /todoitems verification failed: dueDate is not in the correct format [] []
[2016-10-04 06:12:52] main.DEBUG: POST /todoitems verification failed: dueDate could not be parsed into a valid date between 2000-01-01 and 2099-01-01 [] []
[2016-10-04 06:17:40] main.DEBUG: POST /todoitems verification failed: Title is not valid [] []
[2016-10-04 06:30:54] main.DEBUG: POST /todoitems verification failed: Title is not valid [] []
[2016-10-04 18:22:23] main.DEBUG: BASIC auth failed for user [] []
[2016-10-04 18:25:45] main.DEBUG: BASIC auth failed for user [] []
[2016-10-04 18:25:45] main.DEBUG: BASIC auth failed for user [] []
[2016-10-04 18:28:58] main.DEBUG: BASIC auth failed for user [] []
[2016-10-04 18:28:58] main.DEBUG: BASIC auth failed for user [] []
[2016-10-04 18:29:12] main.DEBUG: BASIC auth failed for user [] []
[2016-10-04 18:29:12] main.DEBUG: BASIC auth failed for user [] []
[2016-10-04 18:29:22] main.DEBUG: BASIC auth failed for user [] []
[2016-10-04 18:29:39] main.DEBUG: BASIC auth failed for user [] []
[2016-10-04 18:31:30] main.DEBUG: BASIC auth failed for user [] []
[2016-10-04 18:31:30] main.DEBUG: BASIC auth failed for user [] []
[2016-10-04 18:31:48] main.DEBUG: BASIC auth failed for user [] []
