[2016-09-28 20:31:34] main.ERROR: SQL error: Duplicate entry 'nazar@gmail.com' for key 'email' [] []
[2016-09-28 20:31:34] main.ERROR:  in query: INSERT INTO `users` (`name`,`email`,`password`) VALUES ('Nazar', 'nazar@gmail.com', 'abcABC123') [] []
[2016-09-29 06:14:15] main.ERROR: SQL error: Duplicate entry 'terry@gmail.com' for key 'email' [] []
[2016-09-29 06:14:15] main.ERROR:  in query: INSERT INTO `users` (`name`,`email`,`password`) VALUES ('Terry', 'terry@gmail.com', 'Qwerty123') [] []
[2016-09-29 16:42:53] main.ERROR: Database error: Unable to connect to MySQL server! Error: Access denied for user 'slimshop'@'localhost' (using password: YES) [] []
[2016-09-29 16:44:38] main.ERROR: Database error: Unable to connect to MySQL server! Error: Access denied for user 'slimshop'@'localhost' (using password: YES) [] []
[2016-10-12 18:44:45] main.ERROR: SQL error: Duplicate entry 'f4vdrtj4aqirhuqpoao9an77v5-1' for key 'sessionID_2' [] []
[2016-10-12 18:44:45] main.ERROR:  in query: INSERT INTO `cartitems` (`sessionID`,`productID`,`quantity`) VALUES ('f4vdrtj4aqirhuqpoao9an77v5', '1', '1') [] []
[2016-10-12 18:44:53] main.ERROR: SQL error: Duplicate entry 'f4vdrtj4aqirhuqpoao9an77v5-1' for key 'sessionID_2' [] []
[2016-10-12 18:44:53] main.ERROR:  in query: INSERT INTO `cartitems` (`sessionID`,`productID`,`quantity`) VALUES ('f4vdrtj4aqirhuqpoao9an77v5', '1', '2') [] []
[2016-10-12 18:50:58] main.ERROR: SQL error: Duplicate entry 'f4vdrtj4aqirhuqpoao9an77v5-1' for key 'sessionID_2' [] []
[2016-10-12 18:50:58] main.ERROR:  in query: INSERT INTO `cartitems` (`sessionID`,`productID`,`quantity`) VALUES ('f4vdrtj4aqirhuqpoao9an77v5', '1', '1') [] []
[2016-10-12 18:51:12] main.ERROR: SQL error: Duplicate entry 'f4vdrtj4aqirhuqpoao9an77v5-2' for key 'sessionID_2' [] []
[2016-10-12 18:51:12] main.ERROR:  in query: INSERT INTO `cartitems` (`sessionID`,`productID`,`quantity`) VALUES ('f4vdrtj4aqirhuqpoao9an77v5', '2', '1') [] []
[2016-10-12 19:15:35] main.ERROR: SQL error: Duplicate entry 'f4vdrtj4aqirhuqpoao9an77v5-1' for key 'sessionID_2' [] []
[2016-10-12 19:15:35] main.ERROR:  in query: INSERT INTO `cartitems` (`sessionID`,`productID`,`quantity`) VALUES ('f4vdrtj4aqirhuqpoao9an77v5', '1', '1') [] []
[2016-10-12 19:15:42] main.ERROR: SQL error: Duplicate entry 'f4vdrtj4aqirhuqpoao9an77v5-1' for key 'sessionID_2' [] []
[2016-10-12 19:15:42] main.ERROR:  in query: INSERT INTO `cartitems` (`sessionID`,`productID`,`quantity`) VALUES ('f4vdrtj4aqirhuqpoao9an77v5', '1', '1') [] []
[2016-10-12 19:17:41] main.ERROR: SQL error: Duplicate entry 'f4vdrtj4aqirhuqpoao9an77v5-1' for key 'sessionID_2' [] []
[2016-10-12 19:17:41] main.ERROR:  in query: INSERT INTO `cartitems` (`sessionID`,`productID`,`quantity`) VALUES ('f4vdrtj4aqirhuqpoao9an77v5', '1', '1') [] []
[2016-10-12 19:18:15] main.ERROR: SQL error: Duplicate entry 'f4vdrtj4aqirhuqpoao9an77v5-1' for key 'sessionID_2' [] []
[2016-10-12 19:18:15] main.ERROR:  in query: INSERT INTO `cartitems` (`sessionID`,`productID`,`quantity`) VALUES ('f4vdrtj4aqirhuqpoao9an77v5', '1', '1') [] []
[2016-10-12 19:32:20] main.ERROR: SQL error: Duplicate entry 'f4vdrtj4aqirhuqpoao9an77v5-1' for key 'sessionID_2' [] []
[2016-10-12 19:32:20] main.ERROR:  in query: INSERT INTO `cartitems` (`sessionID`,`productID`,`quantity`) VALUES ('f4vdrtj4aqirhuqpoao9an77v5', '1', '1') [] []
[2016-10-12 19:32:23] main.ERROR: SQL error: You have an error in your SQL syntax; check the manual that corresponds to your MariaDB server version for the right syntax to use near 'WHERE cartitems.productID = products.ID AND sessionID='f4vdrtj4aqirhuqpoao9an77v' at line 1 [] []
[2016-10-12 19:32:23] main.ERROR:  in query: SELECT cartitems.ID as ID, productID, quantity, name, description, imagePath, priceFROM cartitems, products WHERE cartitems.productID = products.ID AND sessionID='f4vdrtj4aqirhuqpoao9an77v5' [] []
[2016-10-12 19:32:28] main.ERROR: SQL error: You have an error in your SQL syntax; check the manual that corresponds to your MariaDB server version for the right syntax to use near 'WHERE cartitems.productID = products.ID AND sessionID='f4vdrtj4aqirhuqpoao9an77v' at line 1 [] []
[2016-10-12 19:32:28] main.ERROR:  in query: SELECT cartitems.ID as ID, productID, quantity, name, description, imagePath, priceFROM cartitems, products WHERE cartitems.productID = products.ID AND sessionID='f4vdrtj4aqirhuqpoao9an77v5' [] []
[2016-10-12 19:35:47] main.ERROR: SQL error: Duplicate entry 'f4vdrtj4aqirhuqpoao9an77v5-1' for key 'sessionID_2' [] []
[2016-10-12 19:35:47] main.ERROR:  in query: INSERT INTO `cartitems` (`sessionID`,`productID`,`quantity`) VALUES ('f4vdrtj4aqirhuqpoao9an77v5', '1', '1') [] []
[2016-10-12 21:04:35] main.ERROR: Database error: Unable to connect to MySQL server! Error: Access denied for user 'slimshop'@'localhost' (using password: YES) [] []
