[2016-09-28 20:31:34] main.ERROR: SQL error: Duplicate entry 'nazar@gmail.com' for key 'email' [] []
[2016-09-28 20:31:34] main.ERROR:  in query: INSERT INTO `users` (`name`,`email`,`password`) VALUES ('Nazar', 'nazar@gmail.com', 'abcABC123') [] []
[2016-09-29 05:15:11] main.DEBUG: User with ID=1 logged in [] []
[2016-09-29 05:23:02] main.DEBUG: User with ID=1 logged in [] []
[2016-09-29 06:04:44] main.DEBUG: User with ID=1 logged in [] []
[2016-09-29 06:14:15] main.ERROR: SQL error: Duplicate entry 'terry@gmail.com' for key 'email' [] []
[2016-09-29 06:14:15] main.ERROR:  in query: INSERT INTO `users` (`name`,`email`,`password`) VALUES ('Terry', 'terry@gmail.com', 'Qwerty123') [] []
[2016-09-29 06:15:03] main.DEBUG: User was registered with ID =5 [] []
[2016-09-29 06:15:25] main.DEBUG: User with ID=5 logged in [] []
[2016-09-29 06:33:28] main.DEBUG: User with ID=1 logged in [] []
[2016-09-29 06:35:39] main.DEBUG: User with ID=1 logged in [] []
[2016-09-29 06:39:00] main.DEBUG: User with ID=1 logged in [] []
[2016-09-29 07:00:45] main.DEBUG: User with ID=1 logged in [] []
[2016-09-29 16:31:46] main.DEBUG: User failed for email nazar@gmail.com from IP ::1 [] []
[2016-09-29 16:31:58] main.DEBUG: User failed for email nazar@gmail.com from IP ::1 [] []
[2016-09-29 16:39:48] main.DEBUG: User failed for email nazar@gmail.com from IP ::1 [] []
[2016-09-29 16:40:26] main.DEBUG: User failed for email nazar@gmail.com from IP ::1 [] []
[2016-09-29 16:41:00] main.DEBUG: User failed for email nazar@gmail.com from IP ::1 [] []
[2016-09-29 16:41:24] main.DEBUG: User failed for email terry@gmail.com from IP ::1 [] []
[2016-09-29 16:42:53] main.ERROR: Database error: Unable to connect to MySQL server! Error: Access denied for user 'slimshop'@'localhost' (using password: YES) [] []
[2016-09-29 16:44:38] main.ERROR: Database error: Unable to connect to MySQL server! Error: Access denied for user 'slimshop'@'localhost' (using password: YES) [] []
[2016-09-29 16:46:41] main.DEBUG: User 1 logged in successfuly from IP ::1 [] []
[2016-09-29 19:29:06] main.DEBUG: User 4 created [] []
[2016-09-29 19:36:43] main.DEBUG: User 5 created [] []
[2016-09-29 19:37:01] main.DEBUG: User 5 logged in successfuly from IP ::1 [] []
